\BOOKMARK [0][-]{chapter*.3}{Contents}{}% 1
\BOOKMARK [0][-]{chapter*.4}{List of Figures}{}% 2
\BOOKMARK [0][-]{chapter*.5}{List of Tables}{}% 3
\BOOKMARK [0][-]{chapter.1}{Introduction}{}% 4
\BOOKMARK [0][-]{chapter.2}{Background}{}% 5
\BOOKMARK [1][-]{section.2.1}{Microcontroller}{chapter.2}% 6
\BOOKMARK [2][-]{subsection.2.1.1}{Theory}{section.2.1}% 7
\BOOKMARK [2][-]{subsection.2.1.2}{Microcontroller structure}{section.2.1}% 8
\BOOKMARK [2][-]{subsection.2.1.3}{Microcontroller market}{section.2.1}% 9
\BOOKMARK [1][-]{section.2.2}{Communication}{chapter.2}% 10
\BOOKMARK [2][-]{subsection.2.2.1}{Introduction}{section.2.2}% 11
\BOOKMARK [2][-]{subsection.2.2.2}{Universal asynchronous receiver-transmitter \(UART\)}{section.2.2}% 12
\BOOKMARK [2][-]{subsection.2.2.3}{RS-485}{section.2.2}% 13
\BOOKMARK [2][-]{subsection.2.2.4}{MQTT}{section.2.2}% 14
\BOOKMARK [2][-]{subsection.2.2.5}{WebSocket}{section.2.2}% 15
\BOOKMARK [1][-]{section.2.3}{Facial Recognition}{chapter.2}% 16
\BOOKMARK [1][-]{section.2.4}{Application Server}{chapter.2}% 17
\BOOKMARK [0][-]{chapter.3}{Hardware Design of The System}{}% 18
\BOOKMARK [1][-]{section.3.1}{Expected System Diagram}{chapter.3}% 19
\BOOKMARK [1][-]{section.3.2}{Master}{chapter.3}% 20
\BOOKMARK [2][-]{subsection.3.2.1}{Microcontroller Requirements}{section.3.2}% 21
\BOOKMARK [2][-]{subsection.3.2.2}{Module RS-485}{section.3.2}% 22
\BOOKMARK [2][-]{subsection.3.2.3}{Module ESP-8266}{section.3.2}% 23
\BOOKMARK [2][-]{subsection.3.2.4}{Module SIM800A}{section.3.2}% 24
\BOOKMARK [2][-]{subsection.3.2.5}{Power for Master}{section.3.2}% 25
\BOOKMARK [0][-]{chapter.4}{Algorithm and Software Design of The System}{}% 26
\BOOKMARK [0][-]{chapter.5}{Experimental Results}{}% 27
\BOOKMARK [0][-]{chapter.6}{Conclusion}{}% 28
